<?xml version="1.0" encoding="UTF-8"?>
<testsuite xmlns:xsi="http://www.w3.org/2001/XMLSchema-instance" xsi:noNamespaceSchemaLocation="https://maven.apache.org/surefire/maven-surefire-plugin/xsd/surefire-test-report-3.0.xsd" version="3.0" name="vit.devops.macse693.Project01.ATMTest" time="0.064" tests="5" errors="0" skipped="0" failures="0">
  <properties>
[...]
</properties>
  <testcase name="testATMDefaultState" classname="vit.devops.macse693.Project01.ATMTest" time="0.028"/>
  <testcase name="testMultipleATMObjects" classname="vit.devops.macse693.Project01.ATMTest" time="0.002"/>
  <testcase name="testATMNotNull" classname="vit.devops.macse693.Project01.ATMTest" time="0.001"/>
  <testcase name="testATMBehavior" classname="vit.devops.macse693.Project01.ATMTest" time="0.002"/>
  <testcase name="testATMCreation" classname="vit.devops.macse693.Project01.ATMTest" time="0"/>
</testsuite>